This is pdfTeX, Version 3.141592653-2.6-1.40.26 (TeX Live 2024) (preloaded format=pdflatex 2024.3.24)  30 JAN 2026 15:09
entering extended mode
 restricted \write18 enabled.
 file:line:error style messages enabled.
 %&-line parsing enabled.
**sn-bibliography.bib
(./sn-bibliography.bib
LaTeX2e <2023-11-01> patch level 1
L3 programming layer <2024-02-20>

./sn-bibliography.bib:1: LaTeX Error: Missing \begin{document}.

See the LaTeX manual or LaTeX Companion for explanation.
Type  H <return>  for immediate help.
 ...                                              
                                                  
l.1 @
     misc{sindyrl,
? h
You're in trouble here.  Try typing  <return>  to proceed.
If that doesn't work, type  X <return>  to quit.
? H
Sorry, I already gave what help I could...
Maybe you should try asking a human?
An error might have occurred before I noticed any problems.
``If all else fails, read the instructions.''

? 
./sn-bibliography.bib:1: Emergency stop.
 ...                                              
                                                  
l.1 @
     misc{sindyrl,
End of file on the terminal!

 
Here is how much of TeX's memory you used:
 18 strings out of 474116
 552 string characters out of 5743682
 1925187 words of memory out of 5000000
 22476 multiletter control sequences out of 15000+600000
 558069 words of font info for 36 fonts, out of 8000000 for 9000
 1141 hyphenation exceptions out of 8191
 15i,0n,18p,69b,14s stack positions out of 10000i,1000n,20000p,200000b,200000s
./sn-bibliography.bib:1:  ==> Fatal error occurred, no output PDF file produced
!
